2018-02-26 01:59:08,755 ERROR: ValueError: Cannot assign "u'ajfkajfkadf%adajk'": "SiteUser.invite_code" must be a "InviteCode" instance.
Traceback (most recent call last):
  File "/Users/bm/usc/perfit_docenv/perfit_documentation/sphinxsite/services/helper.py", line 30, in process_form_data
    sphinx_models.SiteUser.objects.create(**record)
  File "/Users/bm/usc/perfit_docenv/lib/python2.7/site-packages/django/db/models/manager.py", line 85, in manager_method
    return getattr(self.get_queryset(), name)(*args, **kwargs)
  File "/Users/bm/usc/perfit_docenv/lib/python2.7/site-packages/django/db/models/query.py", line 397, in create
    obj = self.model(**kwargs)
  File "/Users/bm/usc/perfit_docenv/lib/python2.7/site-packages/django/db/models/base.py", line 537, in __init__
    setattr(self, field.name, rel_obj)
  File "/Users/bm/usc/perfit_docenv/lib/python2.7/site-packages/django/db/models/fields/related_descriptors.py", line 211, in __set__
    self.field.remote_field.model._meta.object_name,
ValueError: Cannot assign "u'ajfkajfkadf%adajk'": "SiteUser.invite_code" must be a "InviteCode" instance.
2018-02-27 01:07:52,325 ERROR: NameError: global name 'POST' is not defined
Traceback (most recent call last):
  File "/Users/bm/usc/perfit_docenv/perfit_documentation/sphinxsite/services/helper.py", line 20, in process_form_data
    print POST.get('first_name')
NameError: global name 'POST' is not defined
2018-02-27 01:16:07,244 ERROR: NameError: global name 'entry' is not defined
Traceback (most recent call last):
  File "/Users/bm/usc/perfit_docenv/perfit_documentation/sphinxsite/services/helper.py", line 28, in process_form_data
    context['form_data'] = entry
NameError: global name 'entry' is not defined
2018-02-27 01:16:49,058 INFO: New signup form: {'username': None, 'first_name': None, 'last_name': None, 'invite_code': None, 'team': None, 'password': None, 'email': None}
2018-02-27 02:17:28,589 INFO: New signup form: {'username': u'', 'first_name': u'Sideshow', 'last_name': u'Bobby', 'invite_code': u'', 'team': u'3d', 'password': u'', 'email': u''}
2018-02-27 02:26:30,097 INFO: New signup form: {'username': u'', 'first_name': u'', 'last_name': u'', 'invite_code': u'', 'team': u'3d', 'password': u'', 'email': u''}
2018-02-27 02:34:54,971 INFO: New signup form: {'username': None, 'first_name': None, 'last_name': None, 'invite_code': None, 'team': None, 'password': None, 'email': None}
2018-02-27 02:44:56,521 INFO: New signup form: {'username': u'', 'first_name': u'adfadf', 'last_name': u'', 'invite_code': u'', 'team': u'3d', 'password': u'', 'email': u''}
2018-02-27 02:47:03,399 INFO: New signup form: {'username': u'', 'first_name': u'kljkljkl', 'last_name': u'', 'invite_code': u'', 'team': u'3d', 'password': u'', 'email': u''}
2018-02-27 02:47:56,629 INFO: New signup form: {'username': u'', 'first_name': u'jljklj', 'last_name': u'', 'invite_code': u'', 'team': u'3d', 'password': u'', 'email': u''}
2018-02-27 02:47:56,645 INFO: New signup form: {'username': None, 'first_name': None, 'last_name': None, 'invite_code': None, 'team': None, 'password': None, 'email': None}
2018-02-27 02:54:29,940 INFO: New signup form: {'username': u'', 'first_name': u'', 'last_name': u'jlkjk', 'invite_code': u'', 'team': u'3d', 'password': u'', 'email': u''}
2018-02-27 03:02:11,624 INFO: New signup form: {'username': u'', 'first_name': u'ljlkjk', 'last_name': u'', 'invite_code': u'', 'team': u'3d', 'password': u'', 'email': u''}
2018-02-27 03:02:48,887 INFO: New signup form: {'username': u'', 'first_name': u'afdasdf', 'last_name': u'', 'invite_code': u'', 'team': u'3d', 'password': u'', 'email': u''}
2018-02-27 03:07:13,187 INFO: New signup form: {'username': u'', 'first_name': u'', 'last_name': u'', 'invite_code': u'', 'team': u'3d', 'password': u'', 'email': u''}
2018-02-27 03:07:17,280 INFO: New signup form: {'username': u'', 'first_name': u'afadf', 'last_name': u'', 'invite_code': u'', 'team': u'3d', 'password': u'', 'email': u''}
2018-02-27 03:36:55,145 INFO: New signup form: {'username': u'', 'first_name': u'kljklj', 'last_name': u'', 'invite_code': u'', 'team': u'3d', 'password': u'', 'email': u''}
2018-02-27 03:37:53,449 INFO: New signup form: {'username': u'', 'first_name': u'kljklj', 'last_name': u'', 'invite_code': u'', 'team': u'3d', 'password': u'', 'email': u''}
2018-02-27 04:32:47,687 INFO: New signup form: {'username': u'', 'first_name': u'', 'last_name': u'', 'invite_code': u'', 'team': u'3d', 'password': u'', 'email': u''}
2018-02-27 04:33:23,493 INFO: New signup form: {'username': u'', 'first_name': u'', 'last_name': u'', 'invite_code': u'', 'team': u'3d', 'password': u'', 'email': u''}
2018-02-27 04:33:30,182 INFO: New signup form: {'username': u'', 'first_name': u'', 'last_name': u'', 'invite_code': u'', 'team': u'3d', 'password': u'', 'email': u''}
2018-02-27 04:35:42,949 INFO: New signup form: {'username': u'', 'first_name': u'', 'last_name': u'', 'invite_code': u'', 'team': u'3d', 'password': u'', 'email': u''}
2018-02-27 04:39:30,160 INFO: New signup form: {'username': u'', 'first_name': u'', 'last_name': u'', 'invite_code': u'', 'team': u'3d', 'password': u'', 'email': u''}
2018-02-27 04:40:00,558 INFO: New signup form: {'username': u'', 'first_name': u'', 'last_name': u'', 'invite_code': u'', 'team': u'3d', 'password': u'', 'email': u''}
2018-02-27 04:44:40,266 INFO: New signup form: {'username': u'', 'first_name': u'', 'last_name': u'', 'invite_code': u'', 'team': u'3d', 'password': u'', 'email': u''}
2018-02-27 04:46:09,217 INFO: New signup form: {'username': u'', 'first_name': u'', 'last_name': u'', 'invite_code': u'', 'team': u'3d', 'password': u'', 'email': u''}
2018-02-27 04:47:56,344 INFO: New signup form: {'username': u'', 'first_name': u'', 'last_name': u'', 'invite_code': u'', 'team': u'3d', 'password': u'', 'email': u''}
2018-02-27 04:48:27,678 INFO: New signup form: {'username': u'', 'first_name': u'', 'last_name': u'', 'invite_code': u'', 'team': u'3d', 'password': u'', 'email': u''}
2018-02-27 04:50:32,185 INFO: New signup form: {'username': u'', 'first_name': u'', 'last_name': u'', 'invite_code': u'', 'team': u'3d', 'password': u'', 'email': u''}
2018-02-27 04:50:46,772 INFO: New signup form: {'username': u'', 'first_name': u'', 'last_name': u'', 'invite_code': u'', 'team': u'3d', 'password': u'', 'email': u''}
